DEPRECATION WARNING: Using a dynamic :controller segment in a route is deprecated and will be removed in Rails 5.1. (called from block in <top (required)> at C:/Users/Nick/Desktop/Rails/personalWeb/config/routes.rb:6)
DEPRECATION WARNING: Using a dynamic :action segment in a route is deprecated and will be removed in Rails 5.1. (called from block in <top (required)> at C:/Users/Nick/Desktop/Rails/personalWeb/config/routes.rb:6)
Started GET "/" for ::1 at 2016-12-27 15:47:41 -0800
Processing by HomeController#index as HTML
  Rendering home/index.html.erb within layouts/application
  Rendered home/index.html.erb within layouts/application (3629.5ms)
Completed 200 OK in 3813ms (Views: 3787.0ms | ActiveRecord: 0.0ms)


DEPRECATION WARNING: Using a dynamic :controller segment in a route is deprecated and will be removed in Rails 5.1. (called from block in <top (required)> at C:/Users/Nick/Desktop/Rails/personalWeb/config/routes.rb:6)
DEPRECATION WARNING: Using a dynamic :action segment in a route is deprecated and will be removed in Rails 5.1. (called from block in <top (required)> at C:/Users/Nick/Desktop/Rails/personalWeb/config/routes.rb:6)
Started GET "/" for ::1 at 2016-12-27 22:45:25 -0800
Processing by HomeController#index as HTML
  Rendering home/index.html.erb within layouts/application
  Rendered home/index.html.erb within layouts/application (258.1ms)
Completed 200 OK in 397ms (Views: 372.4ms | ActiveRecord: 0.0ms)


DEPRECATION WARNING: Using a dynamic :controller segment in a route is deprecated and will be removed in Rails 5.1. (called from block in <top (required)> at C:/Users/Nick/Desktop/Rails/personalWeb/config/routes.rb:6)
DEPRECATION WARNING: Using a dynamic :action segment in a route is deprecated and will be removed in Rails 5.1. (called from block in <top (required)> at C:/Users/Nick/Desktop/Rails/personalWeb/config/routes.rb:6)
Started GET "/" for ::1 at 2016-12-28 07:57:15 -0800
Processing by HomeController#index as HTML
  Rendering home/index.html.erb within layouts/application
  Rendered home/index.html.erb within layouts/application (1374.9ms)
Completed 200 OK in 2406ms (Views: 2308.9ms | ActiveRecord: 0.0ms)


Started GET "/" for ::1 at 2016-12-28 07:59:04 -0800
Processing by HomeController#index as HTML
  Rendering home/index.html.erb within layouts/application
  Rendered home/index.html.erb within layouts/application (13.0ms)
Completed 200 OK in 128ms (Views: 113.1ms | ActiveRecord: 0.0ms)


Started GET "/" for ::1 at 2016-12-28 08:01:52 -0800
Processing by HomeController#index as HTML
  Rendering home/index.html.erb within layouts/application
  Rendered home/index.html.erb within layouts/application (13.0ms)
Completed 200 OK in 118ms (Views: 103.6ms | ActiveRecord: 0.0ms)


Started GET "/" for ::1 at 2016-12-28 08:04:18 -0800
Processing by HomeController#index as HTML
  Rendering home/index.html.erb within layouts/application
  Rendered home/index.html.erb within layouts/application (14.0ms)
Completed 200 OK in 120ms (Views: 105.9ms | ActiveRecord: 0.0ms)


Started GET "/" for ::1 at 2016-12-28 08:04:20 -0800
Processing by HomeController#index as HTML
  Rendering home/index.html.erb within layouts/application
  Rendered home/index.html.erb within layouts/application (12.0ms)
Completed 200 OK in 116ms (Views: 102.2ms | ActiveRecord: 0.0ms)


Started GET "/" for ::1 at 2016-12-28 08:04:22 -0800
Processing by HomeController#index as HTML
  Rendering home/index.html.erb within layouts/application
  Rendered home/index.html.erb within layouts/application (13.0ms)
Completed 200 OK in 118ms (Views: 103.8ms | ActiveRecord: 0.0ms)


Started GET "/" for ::1 at 2016-12-28 08:07:07 -0800
Processing by HomeController#index as HTML
  Rendering home/index.html.erb within layouts/application
  Rendered home/index.html.erb within layouts/application (14.0ms)
Completed 200 OK in 115ms (Views: 101.5ms | ActiveRecord: 0.0ms)


Started GET "/" for ::1 at 2016-12-28 08:08:25 -0800
Processing by HomeController#index as HTML
  Rendering home/index.html.erb within layouts/application
  Rendered home/index.html.erb within layouts/application (18.0ms)
Completed 200 OK in 120ms (Views: 107.0ms | ActiveRecord: 0.0ms)


Started GET "/" for ::1 at 2016-12-28 08:09:13 -0800
Processing by HomeController#index as HTML
  Rendering home/index.html.erb within layouts/application
  Rendered home/index.html.erb within layouts/application (15.0ms)
Completed 200 OK in 121ms (Views: 106.9ms | ActiveRecord: 0.0ms)


Started GET "/" for ::1 at 2016-12-28 08:10:57 -0800
Processing by HomeController#index as HTML
  Rendering home/index.html.erb within layouts/application
  Rendered home/index.html.erb within layouts/application (17.0ms)
Completed 200 OK in 130ms (Views: 116.0ms | ActiveRecord: 0.0ms)


Started GET "/" for ::1 at 2016-12-28 08:11:43 -0800
Processing by HomeController#index as HTML
  Rendering home/index.html.erb within layouts/application
  Rendered home/index.html.erb within layouts/application (13.0ms)
Completed 200 OK in 114ms (Views: 100.4ms | ActiveRecord: 0.0ms)


Started GET "/" for ::1 at 2016-12-28 08:11:57 -0800
Processing by HomeController#index as HTML
  Rendering home/index.html.erb within layouts/application
  Rendered home/index.html.erb within layouts/application (17.0ms)
Completed 200 OK in 130ms (Views: 116.1ms | ActiveRecord: 0.0ms)


Started GET "/" for ::1 at 2016-12-28 08:12:35 -0800
Processing by HomeController#index as HTML
  Rendering home/index.html.erb within layouts/application
  Rendered home/index.html.erb within layouts/application (13.0ms)
Completed 200 OK in 124ms (Views: 110.1ms | ActiveRecord: 0.0ms)


Started GET "/" for ::1 at 2016-12-28 08:12:39 -0800
Processing by HomeController#index as HTML
  Rendering home/index.html.erb within layouts/application
  Rendered home/index.html.erb within layouts/application (14.0ms)
Completed 200 OK in 121ms (Views: 106.2ms | ActiveRecord: 0.0ms)


Started GET "/" for ::1 at 2016-12-28 08:17:50 -0800
Processing by HomeController#index as HTML
  Rendering home/index.html.erb within layouts/application
  Rendered home/index.html.erb within layouts/application (13.0ms)
Completed 200 OK in 115ms (Views: 102.1ms | ActiveRecord: 0.0ms)


Started GET "/images/pics02.jpg" for ::1 at 2016-12-28 08:17:51 -0800
  
ActionController::RoutingError (No route matches [GET] "/images/pics02.jpg"):
  
actionpack (5.0.1) lib/action_dispatch/middleware/debug_exceptions.rb:53:in `call'
web-console (3.4.0) lib/web_console/middleware.rb:135:in `call_app'
web-console (3.4.0) lib/web_console/middleware.rb:28:in `block in call'
web-console (3.4.0) lib/web_console/middleware.rb:18:in `catch'
web-console (3.4.0) lib/web_console/middleware.rb:18:in `call'
actionpack (5.0.1) lib/action_dispatch/middleware/show_exceptions.rb:31:in `call'
railties (5.0.1) lib/rails/rack/logger.rb:36:in `call_app'
railties (5.0.1) lib/rails/rack/logger.rb:24:in `block in call'
activesupport (5.0.1) lib/active_support/tagged_logging.rb:69:in `block in tagged'
activesupport (5.0.1) lib/active_support/tagged_logging.rb:26:in `tagged'
activesupport (5.0.1) lib/active_support/tagged_logging.rb:69:in `tagged'
railties (5.0.1) lib/rails/rack/logger.rb:24:in `call'
sprockets-rails (3.2.0) lib/sprockets/rails/quiet_assets.rb:13:in `call'
actionpack (5.0.1) lib/action_dispatch/middleware/request_id.rb:24:in `call'
rack (2.0.1) lib/rack/method_override.rb:22:in `call'
rack (2.0.1) lib/rack/runtime.rb:22:in `call'
activesupport (5.0.1) lib/active_support/cache/strategy/local_cache_middleware.rb:28:in `call'
actionpack (5.0.1) lib/action_dispatch/middleware/executor.rb:12:in `call'
actionpack (5.0.1) lib/action_dispatch/middleware/static.rb:136:in `call'
rack (2.0.1) lib/rack/sendfile.rb:111:in `call'
railties (5.0.1) lib/rails/engine.rb:522:in `call'
puma (3.6.2) lib/puma/configuration.rb:225:in `call'
puma (3.6.2) lib/puma/server.rb:578:in `handle_request'
puma (3.6.2) lib/puma/server.rb:415:in `process_client'
puma (3.6.2) lib/puma/server.rb:275:in `block in run'
puma (3.6.2) lib/puma/thread_pool.rb:116:in `call'
puma (3.6.2) lib/puma/thread_pool.rb:116:in `block in spawn_thread'
  Rendering C:/RailsInstaller/Ruby2.2.0/lib/ruby/gems/2.2.0/gems/actionpack-5.0.1/lib/action_dispatch/middleware/templates/rescues/routing_error.html.erb within rescues/layout
  Rendering C:/RailsInstaller/Ruby2.2.0/lib/ruby/gems/2.2.0/gems/actionpack-5.0.1/lib/action_dispatch/middleware/templates/rescues/_trace.html.erb
  Rendered C:/RailsInstaller/Ruby2.2.0/lib/ruby/gems/2.2.0/gems/actionpack-5.0.1/lib/action_dispatch/middleware/templates/rescues/_trace.html.erb (1.0ms)
  Rendered collection of C:/RailsInstaller/Ruby2.2.0/lib/ruby/gems/2.2.0/gems/actionpack-5.0.1/lib/action_dispatch/middleware/templates/routes/_route.html.erb [3 times] (1.0ms)
  Rendered C:/RailsInstaller/Ruby2.2.0/lib/ruby/gems/2.2.0/gems/actionpack-5.0.1/lib/action_dispatch/middleware/templates/routes/_table.html.erb (64.3ms)
  Rendering C:/RailsInstaller/Ruby2.2.0/lib/ruby/gems/2.2.0/gems/actionpack-5.0.1/lib/action_dispatch/middleware/templates/rescues/_request_and_response.html.erb
  Rendered C:/RailsInstaller/Ruby2.2.0/lib/ruby/gems/2.2.0/gems/actionpack-5.0.1/lib/action_dispatch/middleware/templates/rescues/_request_and_response.html.erb (1.0ms)
  Rendered C:/RailsInstaller/Ruby2.2.0/lib/ruby/gems/2.2.0/gems/actionpack-5.0.1/lib/action_dispatch/middleware/templates/rescues/routing_error.html.erb within rescues/layout (1212.5ms)
Started GET "/" for ::1 at 2016-12-28 08:18:18 -0800
Processing by HomeController#index as HTML
  Rendering home/index.html.erb within layouts/application
  Rendered home/index.html.erb within layouts/application (19.0ms)
Completed 200 OK in 122ms (Views: 108.2ms | ActiveRecord: 0.0ms)


Started GET "/" for ::1 at 2016-12-28 08:18:43 -0800
Processing by HomeController#index as HTML
  Rendering home/index.html.erb within layouts/application
  Rendered home/index.html.erb within layouts/application (14.0ms)
Completed 200 OK in 119ms (Views: 104.7ms | ActiveRecord: 0.0ms)


Started GET "/" for ::1 at 2016-12-28 08:21:55 -0800
Processing by HomeController#index as HTML
  Rendering home/index.html.erb within layouts/application
  Rendered home/index.html.erb within layouts/application (13.0ms)
Completed 200 OK in 303ms (Views: 288.9ms | ActiveRecord: 0.0ms)


Started GET "/" for ::1 at 2016-12-28 08:22:16 -0800
Processing by HomeController#index as HTML
  Rendering home/index.html.erb within layouts/application
  Rendered home/index.html.erb within layouts/application (14.0ms)
Completed 200 OK in 119ms (Views: 105.1ms | ActiveRecord: 0.0ms)


Started GET "/images/pics02.jpg" for ::1 at 2016-12-28 08:22:16 -0800
  
ActionController::RoutingError (No route matches [GET] "/images/pics02.jpg"):
  
actionpack (5.0.1) lib/action_dispatch/middleware/debug_exceptions.rb:53:in `call'
web-console (3.4.0) lib/web_console/middleware.rb:135:in `call_app'
web-console (3.4.0) lib/web_console/middleware.rb:28:in `block in call'
web-console (3.4.0) lib/web_console/middleware.rb:18:in `catch'
web-console (3.4.0) lib/web_console/middleware.rb:18:in `call'
actionpack (5.0.1) lib/action_dispatch/middleware/show_exceptions.rb:31:in `call'
railties (5.0.1) lib/rails/rack/logger.rb:36:in `call_app'
railties (5.0.1) lib/rails/rack/logger.rb:24:in `block in call'
activesupport (5.0.1) lib/active_support/tagged_logging.rb:69:in `block in tagged'
activesupport (5.0.1) lib/active_support/tagged_logging.rb:26:in `tagged'
activesupport (5.0.1) lib/active_support/tagged_logging.rb:69:in `tagged'
railties (5.0.1) lib/rails/rack/logger.rb:24:in `call'
sprockets-rails (3.2.0) lib/sprockets/rails/quiet_assets.rb:13:in `call'
actionpack (5.0.1) lib/action_dispatch/middleware/request_id.rb:24:in `call'
rack (2.0.1) lib/rack/method_override.rb:22:in `call'
rack (2.0.1) lib/rack/runtime.rb:22:in `call'
activesupport (5.0.1) lib/active_support/cache/strategy/local_cache_middleware.rb:28:in `call'
actionpack (5.0.1) lib/action_dispatch/middleware/executor.rb:12:in `call'
actionpack (5.0.1) lib/action_dispatch/middleware/static.rb:136:in `call'
rack (2.0.1) lib/rack/sendfile.rb:111:in `call'
railties (5.0.1) lib/rails/engine.rb:522:in `call'
puma (3.6.2) lib/puma/configuration.rb:225:in `call'
puma (3.6.2) lib/puma/server.rb:578:in `handle_request'
puma (3.6.2) lib/puma/server.rb:415:in `process_client'
puma (3.6.2) lib/puma/server.rb:275:in `block in run'
puma (3.6.2) lib/puma/thread_pool.rb:116:in `call'
puma (3.6.2) lib/puma/thread_pool.rb:116:in `block in spawn_thread'
  Rendering C:/RailsInstaller/Ruby2.2.0/lib/ruby/gems/2.2.0/gems/actionpack-5.0.1/lib/action_dispatch/middleware/templates/rescues/routing_error.html.erb within rescues/layout
  Rendering C:/RailsInstaller/Ruby2.2.0/lib/ruby/gems/2.2.0/gems/actionpack-5.0.1/lib/action_dispatch/middleware/templates/rescues/_trace.html.erb
  Rendered C:/RailsInstaller/Ruby2.2.0/lib/ruby/gems/2.2.0/gems/actionpack-5.0.1/lib/action_dispatch/middleware/templates/rescues/_trace.html.erb (1.0ms)
  Rendered collection of C:/RailsInstaller/Ruby2.2.0/lib/ruby/gems/2.2.0/gems/actionpack-5.0.1/lib/action_dispatch/middleware/templates/routes/_route.html.erb [3 times] (1.0ms)
  Rendered C:/RailsInstaller/Ruby2.2.0/lib/ruby/gems/2.2.0/gems/actionpack-5.0.1/lib/action_dispatch/middleware/templates/routes/_table.html.erb (1.0ms)
  Rendering C:/RailsInstaller/Ruby2.2.0/lib/ruby/gems/2.2.0/gems/actionpack-5.0.1/lib/action_dispatch/middleware/templates/rescues/_request_and_response.html.erb
  Rendered C:/RailsInstaller/Ruby2.2.0/lib/ruby/gems/2.2.0/gems/actionpack-5.0.1/lib/action_dispatch/middleware/templates/rescues/_request_and_response.html.erb (1.0ms)
  Rendered C:/RailsInstaller/Ruby2.2.0/lib/ruby/gems/2.2.0/gems/actionpack-5.0.1/lib/action_dispatch/middleware/templates/rescues/routing_error.html.erb within rescues/layout (1057.3ms)
Started GET "/" for ::1 at 2016-12-28 08:22:35 -0800
Processing by HomeController#index as HTML
  Rendering home/index.html.erb within layouts/application
  Rendered home/index.html.erb within layouts/application (14.0ms)
Completed 200 OK in 182ms (Views: 166.6ms | ActiveRecord: 0.0ms)


Started GET "/" for ::1 at 2016-12-28 08:23:11 -0800
Processing by HomeController#index as HTML
  Rendering home/index.html.erb within layouts/application
  Rendered home/index.html.erb within layouts/application (19.0ms)
Completed 200 OK in 124ms (Views: 109.8ms | ActiveRecord: 0.0ms)


Started GET "/" for ::1 at 2016-12-28 08:24:23 -0800
Processing by HomeController#index as HTML
  Rendering home/index.html.erb within layouts/application
  Rendered home/index.html.erb within layouts/application (13.0ms)
Completed 200 OK in 214ms (Views: 198.2ms | ActiveRecord: 0.0ms)


Started GET "/" for ::1 at 2016-12-28 08:26:05 -0800
Processing by HomeController#index as HTML
  Rendering home/index.html.erb within layouts/application
  Rendered home/index.html.erb within layouts/application (13.0ms)
Completed 200 OK in 124ms (Views: 109.9ms | ActiveRecord: 0.0ms)


Started GET "/" for ::1 at 2016-12-28 08:28:44 -0800
Processing by HomeController#index as HTML
  Rendering home/index.html.erb within layouts/application
  Rendered home/index.html.erb within layouts/application (19.0ms)
Completed 200 OK in 125ms (Views: 110.9ms | ActiveRecord: 0.0ms)


Started GET "/" for ::1 at 2016-12-28 08:29:33 -0800
Processing by HomeController#index as HTML
  Rendering home/index.html.erb within layouts/application
  Rendered home/index.html.erb within layouts/application (19.0ms)
Completed 200 OK in 125ms (Views: 111.3ms | ActiveRecord: 0.0ms)


Started GET "/" for ::1 at 2016-12-28 08:40:31 -0800
Processing by HomeController#index as HTML
  Rendering home/index.html.erb within layouts/application
  Rendered home/index.html.erb within layouts/application (19.0ms)
Completed 200 OK in 123ms (Views: 108.5ms | ActiveRecord: 0.0ms)


Started GET "/" for ::1 at 2016-12-28 08:40:42 -0800
Processing by HomeController#index as HTML
  Rendering home/index.html.erb within layouts/application
  Rendered home/index.html.erb within layouts/application (17.0ms)
Completed 200 OK in 123ms (Views: 109.3ms | ActiveRecord: 0.0ms)


Started GET "/" for ::1 at 2016-12-28 08:41:11 -0800
Processing by HomeController#index as HTML
  Rendering home/index.html.erb within layouts/application
  Rendered home/index.html.erb within layouts/application (18.0ms)
Completed 200 OK in 125ms (Views: 112.5ms | ActiveRecord: 0.0ms)


Started GET "/" for ::1 at 2016-12-28 08:41:27 -0800
Processing by HomeController#index as HTML
  Rendering home/index.html.erb within layouts/application
  Rendered home/index.html.erb within layouts/application (17.0ms)
Completed 200 OK in 120ms (Views: 105.1ms | ActiveRecord: 0.0ms)


Started GET "/" for ::1 at 2016-12-28 08:41:56 -0800
Processing by HomeController#index as HTML
  Rendering home/index.html.erb within layouts/application
  Rendered home/index.html.erb within layouts/application (18.0ms)
Completed 200 OK in 127ms (Views: 113.5ms | ActiveRecord: 0.0ms)


Started GET "/" for ::1 at 2016-12-28 08:42:15 -0800
Processing by HomeController#index as HTML
  Rendering home/index.html.erb within layouts/application
  Rendered home/index.html.erb within layouts/application (18.0ms)
Completed 200 OK in 121ms (Views: 107.2ms | ActiveRecord: 0.0ms)


Started GET "/" for ::1 at 2016-12-28 08:42:59 -0800
Processing by HomeController#index as HTML
  Rendering home/index.html.erb within layouts/application
  Rendered home/index.html.erb within layouts/application (18.0ms)
Completed 200 OK in 119ms (Views: 105.4ms | ActiveRecord: 0.0ms)


Started GET "/" for ::1 at 2016-12-28 08:44:06 -0800
Processing by HomeController#index as HTML
  Rendering home/index.html.erb within layouts/application
  Rendered home/index.html.erb within layouts/application (18.0ms)
Completed 200 OK in 139ms (Views: 124.0ms | ActiveRecord: 0.0ms)


Started GET "/" for ::1 at 2016-12-28 08:51:27 -0800
Processing by HomeController#index as HTML
  Rendering home/index.html.erb within layouts/application
  Rendered home/index.html.erb within layouts/application (121.0ms)
Completed 200 OK in 226ms (Views: 211.3ms | ActiveRecord: 0.0ms)


Started GET "/" for ::1 at 2016-12-28 08:57:30 -0800
Processing by HomeController#index as HTML
  Rendering home/index.html.erb within layouts/application
  Rendered home/index.html.erb within layouts/application (90.0ms)
Completed 200 OK in 194ms (Views: 180.1ms | ActiveRecord: 0.0ms)


Started GET "/" for ::1 at 2016-12-28 09:00:34 -0800
Processing by HomeController#index as HTML
  Rendering home/index.html.erb within layouts/application
  Rendered home/index.html.erb within layouts/application (18.0ms)
Completed 200 OK in 124ms (Views: 110.3ms | ActiveRecord: 0.0ms)


Started GET "/images/img/toaster.pngs" for ::1 at 2016-12-28 09:00:34 -0800
  
ActionController::RoutingError (No route matches [GET] "/images/img/toaster.pngs"):
  
actionpack (5.0.1) lib/action_dispatch/middleware/debug_exceptions.rb:53:in `call'
web-console (3.4.0) lib/web_console/middleware.rb:135:in `call_app'
web-console (3.4.0) lib/web_console/middleware.rb:28:in `block in call'
web-console (3.4.0) lib/web_console/middleware.rb:18:in `catch'
web-console (3.4.0) lib/web_console/middleware.rb:18:in `call'
actionpack (5.0.1) lib/action_dispatch/middleware/show_exceptions.rb:31:in `call'
railties (5.0.1) lib/rails/rack/logger.rb:36:in `call_app'
railties (5.0.1) lib/rails/rack/logger.rb:24:in `block in call'
activesupport (5.0.1) lib/active_support/tagged_logging.rb:69:in `block in tagged'
activesupport (5.0.1) lib/active_support/tagged_logging.rb:26:in `tagged'
activesupport (5.0.1) lib/active_support/tagged_logging.rb:69:in `tagged'
railties (5.0.1) lib/rails/rack/logger.rb:24:in `call'
sprockets-rails (3.2.0) lib/sprockets/rails/quiet_assets.rb:13:in `call'
actionpack (5.0.1) lib/action_dispatch/middleware/request_id.rb:24:in `call'
rack (2.0.1) lib/rack/method_override.rb:22:in `call'
rack (2.0.1) lib/rack/runtime.rb:22:in `call'
activesupport (5.0.1) lib/active_support/cache/strategy/local_cache_middleware.rb:28:in `call'
actionpack (5.0.1) lib/action_dispatch/middleware/executor.rb:12:in `call'
actionpack (5.0.1) lib/action_dispatch/middleware/static.rb:136:in `call'
rack (2.0.1) lib/rack/sendfile.rb:111:in `call'
railties (5.0.1) lib/rails/engine.rb:522:in `call'
puma (3.6.2) lib/puma/configuration.rb:225:in `call'
puma (3.6.2) lib/puma/server.rb:578:in `handle_request'
puma (3.6.2) lib/puma/server.rb:415:in `process_client'
puma (3.6.2) lib/puma/server.rb:275:in `block in run'
puma (3.6.2) lib/puma/thread_pool.rb:116:in `call'
puma (3.6.2) lib/puma/thread_pool.rb:116:in `block in spawn_thread'
  Rendering C:/RailsInstaller/Ruby2.2.0/lib/ruby/gems/2.2.0/gems/actionpack-5.0.1/lib/action_dispatch/middleware/templates/rescues/routing_error.html.erb within rescues/layout
  Rendering C:/RailsInstaller/Ruby2.2.0/lib/ruby/gems/2.2.0/gems/actionpack-5.0.1/lib/action_dispatch/middleware/templates/rescues/_trace.html.erb
  Rendered C:/RailsInstaller/Ruby2.2.0/lib/ruby/gems/2.2.0/gems/actionpack-5.0.1/lib/action_dispatch/middleware/templates/rescues/_trace.html.erb (1.0ms)
  Rendered collection of C:/RailsInstaller/Ruby2.2.0/lib/ruby/gems/2.2.0/gems/actionpack-5.0.1/lib/action_dispatch/middleware/templates/routes/_route.html.erb [3 times] (1.0ms)
  Rendered C:/RailsInstaller/Ruby2.2.0/lib/ruby/gems/2.2.0/gems/actionpack-5.0.1/lib/action_dispatch/middleware/templates/routes/_table.html.erb (1.0ms)
  Rendering C:/RailsInstaller/Ruby2.2.0/lib/ruby/gems/2.2.0/gems/actionpack-5.0.1/lib/action_dispatch/middleware/templates/rescues/_request_and_response.html.erb
  Rendered C:/RailsInstaller/Ruby2.2.0/lib/ruby/gems/2.2.0/gems/actionpack-5.0.1/lib/action_dispatch/middleware/templates/rescues/_request_and_response.html.erb (1.0ms)
  Rendered C:/RailsInstaller/Ruby2.2.0/lib/ruby/gems/2.2.0/gems/actionpack-5.0.1/lib/action_dispatch/middleware/templates/rescues/routing_error.html.erb within rescues/layout (1029.5ms)
Started GET "/" for ::1 at 2016-12-28 09:00:51 -0800
Processing by HomeController#index as HTML
  Rendering home/index.html.erb within layouts/application
  Rendered home/index.html.erb within layouts/application (92.0ms)
Completed 200 OK in 195ms (Views: 180.4ms | ActiveRecord: 0.0ms)


Started GET "/" for ::1 at 2016-12-28 09:02:17 -0800
Processing by HomeController#index as HTML
  Rendering home/index.html.erb within layouts/application
  Rendered home/index.html.erb within layouts/application (101.0ms)
Completed 200 OK in 210ms (Views: 195.7ms | ActiveRecord: 0.0ms)


Started GET "/" for ::1 at 2016-12-28 09:02:54 -0800
Processing by HomeController#index as HTML
  Rendering home/index.html.erb within layouts/application
  Rendered home/index.html.erb within layouts/application (21.0ms)
Completed 200 OK in 127ms (Views: 112.6ms | ActiveRecord: 0.0ms)


Started GET "/" for ::1 at 2016-12-28 09:03:19 -0800
Processing by HomeController#index as HTML
  Rendering home/index.html.erb within layouts/application
  Rendered home/index.html.erb within layouts/application (20.0ms)
Completed 200 OK in 126ms (Views: 112.0ms | ActiveRecord: 0.0ms)


Started GET "/" for ::1 at 2016-12-28 09:03:25 -0800
Processing by HomeController#index as HTML
  Rendering home/index.html.erb within layouts/application
  Rendered home/index.html.erb within layouts/application (18.0ms)
Completed 200 OK in 117ms (Views: 103.3ms | ActiveRecord: 0.0ms)


Started GET "/" for ::1 at 2016-12-28 09:06:32 -0800
Processing by HomeController#index as HTML
  Rendering home/index.html.erb within layouts/application
  Rendered home/index.html.erb within layouts/application (37.0ms)
Completed 200 OK in 138ms (Views: 123.5ms | ActiveRecord: 0.0ms)


Started GET "/" for ::1 at 2016-12-28 09:09:46 -0800
Processing by HomeController#index as HTML
  Rendering home/index.html.erb within layouts/application
  Rendered home/index.html.erb within layouts/application (21.0ms)
Completed 200 OK in 131ms (Views: 117.1ms | ActiveRecord: 0.0ms)


Started GET "/" for ::1 at 2016-12-28 09:10:19 -0800
Processing by HomeController#index as HTML
  Rendering home/index.html.erb within layouts/application
  Rendered home/index.html.erb within layouts/application (20.0ms)
Completed 200 OK in 129ms (Views: 114.6ms | ActiveRecord: 0.0ms)


Started GET "/" for ::1 at 2016-12-28 09:16:09 -0800
Processing by HomeController#index as HTML
  Rendering home/index.html.erb within layouts/application
  Rendered home/index.html.erb within layouts/application (19.0ms)
Completed 200 OK in 128ms (Views: 113.6ms | ActiveRecord: 0.0ms)


Started GET "/" for ::1 at 2016-12-28 09:16:10 -0800
Processing by HomeController#index as HTML
  Rendering home/index.html.erb within layouts/application
  Rendered home/index.html.erb within layouts/application (18.0ms)
Completed 200 OK in 119ms (Views: 105.0ms | ActiveRecord: 0.0ms)


Started GET "/" for ::1 at 2016-12-28 09:16:28 -0800
Processing by HomeController#index as HTML
  Rendering home/index.html.erb within layouts/application
  Rendered home/index.html.erb within layouts/application (20.0ms)
Completed 200 OK in 130ms (Views: 115.0ms | ActiveRecord: 0.0ms)


Started GET "/" for ::1 at 2016-12-28 09:16:37 -0800
Processing by HomeController#index as HTML
  Rendering home/index.html.erb within layouts/application
  Rendered home/index.html.erb within layouts/application (28.0ms)
Completed 200 OK in 131ms (Views: 117.5ms | ActiveRecord: 0.0ms)


Started GET "/" for ::1 at 2016-12-28 09:17:15 -0800
Processing by HomeController#index as HTML
  Rendering home/index.html.erb within layouts/application
  Rendered home/index.html.erb within layouts/application (19.0ms)
Completed 200 OK in 125ms (Views: 110.9ms | ActiveRecord: 0.0ms)


Started GET "/" for ::1 at 2016-12-28 09:17:25 -0800
Processing by HomeController#index as HTML
  Rendering home/index.html.erb within layouts/application
  Rendered home/index.html.erb within layouts/application (23.0ms)
Completed 200 OK in 139ms (Views: 124.5ms | ActiveRecord: 0.0ms)


Started GET "/" for ::1 at 2016-12-28 09:17:44 -0800
Processing by HomeController#index as HTML
  Rendering home/index.html.erb within layouts/application
  Rendered home/index.html.erb within layouts/application (19.0ms)
Completed 200 OK in 123ms (Views: 109.1ms | ActiveRecord: 0.0ms)


Started GET "/" for ::1 at 2016-12-28 09:18:04 -0800
Processing by HomeController#index as HTML
  Rendering home/index.html.erb within layouts/application
  Rendered home/index.html.erb within layouts/application (20.0ms)
Completed 200 OK in 133ms (Views: 118.7ms | ActiveRecord: 0.0ms)


Started GET "/" for ::1 at 2016-12-28 09:18:22 -0800
Processing by HomeController#index as HTML
  Rendering home/index.html.erb within layouts/application
  Rendered home/index.html.erb within layouts/application (21.0ms)
Completed 200 OK in 132ms (Views: 118.0ms | ActiveRecord: 0.0ms)


Started GET "/" for ::1 at 2016-12-28 09:25:23 -0800
Processing by HomeController#index as HTML
  Rendering home/index.html.erb within layouts/application
  Rendered home/index.html.erb within layouts/application (20.0ms)
Completed 200 OK in 178ms (Views: 164.8ms | ActiveRecord: 0.0ms)


Started GET "/" for ::1 at 2016-12-28 09:26:19 -0800
Processing by HomeController#index as HTML
  Rendering home/index.html.erb within layouts/application
  Rendered home/index.html.erb within layouts/application (27.0ms)
Completed 200 OK in 199ms (Views: 185.7ms | ActiveRecord: 0.0ms)


Started GET "/" for ::1 at 2016-12-28 09:27:05 -0800
Processing by HomeController#index as HTML
  Rendering home/index.html.erb within layouts/application
  Rendered home/index.html.erb within layouts/application (20.0ms)
Completed 200 OK in 172ms (Views: 157.4ms | ActiveRecord: 0.0ms)


Started GET "/" for ::1 at 2016-12-28 09:27:59 -0800
Processing by HomeController#index as HTML
  Rendering home/index.html.erb within layouts/application
  Rendered home/index.html.erb within layouts/application (26.0ms)
Completed 200 OK in 181ms (Views: 166.9ms | ActiveRecord: 0.0ms)


Started GET "/" for ::1 at 2016-12-28 09:28:06 -0800
Processing by HomeController#index as HTML
  Rendering home/index.html.erb within layouts/application
  Rendered home/index.html.erb within layouts/application (20.0ms)
Completed 200 OK in 171ms (Views: 155.8ms | ActiveRecord: 0.0ms)


Started GET "/" for ::1 at 2016-12-28 09:28:18 -0800
Processing by HomeController#index as HTML
  Rendering home/index.html.erb within layouts/application
  Rendered home/index.html.erb within layouts/application (20.0ms)
Completed 200 OK in 140ms (Views: 125.8ms | ActiveRecord: 0.0ms)


Started GET "/" for ::1 at 2016-12-28 09:28:25 -0800
Processing by HomeController#index as HTML
  Rendering home/index.html.erb within layouts/application
  Rendered home/index.html.erb within layouts/application (18.0ms)
Completed 200 OK in 173ms (Views: 159.7ms | ActiveRecord: 0.0ms)


Started GET "/" for ::1 at 2016-12-28 09:28:32 -0800
Processing by HomeController#index as HTML
  Rendering home/index.html.erb within layouts/application
  Rendered home/index.html.erb within layouts/application (19.0ms)
Completed 200 OK in 179ms (Views: 165.0ms | ActiveRecord: 0.0ms)


Started GET "/" for ::1 at 2016-12-28 09:28:44 -0800
Processing by HomeController#index as HTML
  Rendering home/index.html.erb within layouts/application
  Rendered home/index.html.erb within layouts/application (19.0ms)
Completed 200 OK in 168ms (Views: 153.7ms | ActiveRecord: 0.0ms)


Started GET "/" for ::1 at 2016-12-28 09:28:50 -0800
Processing by HomeController#index as HTML
  Rendering home/index.html.erb within layouts/application
  Rendered home/index.html.erb within layouts/application (20.0ms)
Completed 200 OK in 132ms (Views: 118.7ms | ActiveRecord: 0.0ms)


Started GET "/" for ::1 at 2016-12-28 09:31:31 -0800
Processing by HomeController#index as HTML
  Rendering home/index.html.erb within layouts/application
  Rendered home/index.html.erb within layouts/application (20.0ms)
Completed 200 OK in 127ms (Views: 112.9ms | ActiveRecord: 0.0ms)


Started GET "/" for ::1 at 2016-12-28 09:31:50 -0800
Processing by HomeController#index as HTML
  Rendering home/index.html.erb within layouts/application
  Rendered home/index.html.erb within layouts/application (20.0ms)
Completed 200 OK in 132ms (Views: 118.0ms | ActiveRecord: 0.0ms)


Started GET "/" for ::1 at 2016-12-28 09:33:03 -0800
Processing by HomeController#index as HTML
  Rendering home/index.html.erb within layouts/application
  Rendered home/index.html.erb within layouts/application (20.0ms)
Completed 200 OK in 177ms (Views: 163.5ms | ActiveRecord: 0.0ms)


Started GET "/" for ::1 at 2016-12-28 09:33:07 -0800
Processing by HomeController#index as HTML
  Rendering home/index.html.erb within layouts/application
  Rendered home/index.html.erb within layouts/application (19.0ms)
Completed 200 OK in 129ms (Views: 115.2ms | ActiveRecord: 0.0ms)


Started GET "/" for ::1 at 2016-12-28 09:33:23 -0800
Processing by HomeController#index as HTML
  Rendering home/index.html.erb within layouts/application
  Rendered home/index.html.erb within layouts/application (21.0ms)
Completed 200 OK in 194ms (Views: 180.4ms | ActiveRecord: 0.0ms)


Started GET "/" for ::1 at 2016-12-28 09:33:28 -0800
Processing by HomeController#index as HTML
  Rendering home/index.html.erb within layouts/application
  Rendered home/index.html.erb within layouts/application (19.0ms)
Completed 200 OK in 125ms (Views: 112.2ms | ActiveRecord: 0.0ms)


Started GET "/" for ::1 at 2016-12-28 09:34:50 -0800
Processing by HomeController#index as HTML
  Rendering home/index.html.erb within layouts/application
  Rendered home/index.html.erb within layouts/application (27.0ms)
Completed 200 OK in 131ms (Views: 116.9ms | ActiveRecord: 0.0ms)


Started GET "/" for ::1 at 2016-12-28 09:34:56 -0800
Processing by HomeController#index as HTML
  Rendering home/index.html.erb within layouts/application
  Rendered home/index.html.erb within layouts/application (19.0ms)
Completed 200 OK in 167ms (Views: 152.6ms | ActiveRecord: 0.0ms)


Started GET "/" for ::1 at 2016-12-28 09:36:32 -0800
Processing by HomeController#index as HTML
  Rendering home/index.html.erb within layouts/application
  Rendered home/index.html.erb within layouts/application (29.0ms)
Completed 200 OK in 205ms (Views: 190.9ms | ActiveRecord: 0.0ms)


Started GET "/" for ::1 at 2016-12-28 09:37:18 -0800
Processing by HomeController#index as HTML
  Rendering home/index.html.erb within layouts/application
  Rendered home/index.html.erb within layouts/application (20.0ms)
Completed 200 OK in 212ms (Views: 197.4ms | ActiveRecord: 0.0ms)


Started GET "/" for ::1 at 2016-12-28 09:37:39 -0800
Processing by HomeController#index as HTML
  Rendering home/index.html.erb within layouts/application
  Rendered home/index.html.erb within layouts/application (26.0ms)
Completed 200 OK in 197ms (Views: 182.8ms | ActiveRecord: 0.0ms)


Started GET "/" for ::1 at 2016-12-28 09:37:55 -0800
Processing by HomeController#index as HTML
  Rendering home/index.html.erb within layouts/application
  Rendered home/index.html.erb within layouts/application (21.0ms)
Completed 200 OK in 230ms (Views: 216.7ms | ActiveRecord: 0.0ms)


Started GET "/" for ::1 at 2016-12-28 09:38:19 -0800
Processing by HomeController#index as HTML
  Rendering home/index.html.erb within layouts/application
  Rendered home/index.html.erb within layouts/application (27.0ms)
Completed 200 OK in 221ms (Views: 207.3ms | ActiveRecord: 0.0ms)


Started GET "/" for ::1 at 2016-12-28 09:38:43 -0800
Processing by HomeController#index as HTML
  Rendering home/index.html.erb within layouts/application
  Rendered home/index.html.erb within layouts/application (20.0ms)
Completed 200 OK in 127ms (Views: 113.2ms | ActiveRecord: 0.0ms)


Started GET "/" for ::1 at 2016-12-28 09:39:28 -0800
Processing by HomeController#index as HTML
  Rendering home/index.html.erb within layouts/application
  Rendered home/index.html.erb within layouts/application (26.0ms)
Completed 200 OK in 130ms (Views: 116.3ms | ActiveRecord: 0.0ms)


Started GET "/" for ::1 at 2016-12-28 09:39:45 -0800
Processing by HomeController#index as HTML
  Rendering home/index.html.erb within layouts/application
  Rendered home/index.html.erb within layouts/application (19.0ms)
Completed 200 OK in 215ms (Views: 201.1ms | ActiveRecord: 0.0ms)


Started GET "/" for ::1 at 2016-12-28 09:40:04 -0800
Processing by HomeController#index as HTML
  Rendering home/index.html.erb within layouts/application
  Rendered home/index.html.erb within layouts/application (26.0ms)
Completed 200 OK in 217ms (Views: 202.9ms | ActiveRecord: 0.0ms)


Started GET "/" for ::1 at 2016-12-28 09:40:22 -0800
Processing by HomeController#index as HTML
  Rendering home/index.html.erb within layouts/application
  Rendered home/index.html.erb within layouts/application (20.0ms)
Completed 200 OK in 207ms (Views: 192.3ms | ActiveRecord: 0.0ms)


Started GET "/" for ::1 at 2016-12-28 09:40:44 -0800
Processing by HomeController#index as HTML
  Rendering home/index.html.erb within layouts/application
  Rendered home/index.html.erb within layouts/application (20.0ms)
Completed 200 OK in 247ms (Views: 232.8ms | ActiveRecord: 0.0ms)


Started GET "/" for ::1 at 2016-12-28 09:41:07 -0800
Processing by HomeController#index as HTML
  Rendering home/index.html.erb within layouts/application
  Rendered home/index.html.erb within layouts/application (20.0ms)
Completed 200 OK in 137ms (Views: 122.3ms | ActiveRecord: 0.0ms)


Started GET "/" for ::1 at 2016-12-28 09:41:13 -0800
Processing by HomeController#index as HTML
  Rendering home/index.html.erb within layouts/application
  Rendered home/index.html.erb within layouts/application (19.0ms)
Completed 200 OK in 124ms (Views: 110.1ms | ActiveRecord: 0.0ms)


Started GET "/" for ::1 at 2016-12-28 09:41:23 -0800
Processing by HomeController#index as HTML
  Rendering home/index.html.erb within layouts/application
  Rendered home/index.html.erb within layouts/application (21.0ms)
Completed 200 OK in 215ms (Views: 200.1ms | ActiveRecord: 0.0ms)


Started GET "/" for ::1 at 2016-12-28 09:41:54 -0800
Processing by HomeController#index as HTML
  Rendering home/index.html.erb within layouts/application
  Rendered home/index.html.erb within layouts/application (21.0ms)
Completed 200 OK in 234ms (Views: 219.0ms | ActiveRecord: 0.0ms)


Started GET "/" for ::1 at 2016-12-28 09:46:23 -0800
Processing by HomeController#index as HTML
  Rendering home/index.html.erb within layouts/application
  Rendered home/index.html.erb within layouts/application (21.0ms)
Completed 200 OK in 246ms (Views: 231.4ms | ActiveRecord: 0.0ms)


Started GET "/" for ::1 at 2016-12-28 09:46:55 -0800
Processing by HomeController#index as HTML
  Rendering home/index.html.erb within layouts/application
  Rendered home/index.html.erb within layouts/application (19.0ms)
Completed 200 OK in 127ms (Views: 111.8ms | ActiveRecord: 0.0ms)


Started GET "/" for ::1 at 2016-12-28 09:47:08 -0800
Processing by HomeController#index as HTML
  Rendering home/index.html.erb within layouts/application
  Rendered home/index.html.erb within layouts/application (22.0ms)
Completed 200 OK in 134ms (Views: 119.0ms | ActiveRecord: 0.0ms)


Started GET "/" for ::1 at 2016-12-28 09:47:16 -0800
Processing by HomeController#index as HTML
  Rendering home/index.html.erb within layouts/application
  Rendered home/index.html.erb within layouts/application (20.0ms)
Completed 200 OK in 124ms (Views: 110.7ms | ActiveRecord: 0.0ms)


Started GET "/" for ::1 at 2016-12-28 09:47:58 -0800
Processing by HomeController#index as HTML
  Rendering home/index.html.erb within layouts/application
  Rendered home/index.html.erb within layouts/application (22.0ms)
Completed 200 OK in 132ms (Views: 118.4ms | ActiveRecord: 0.0ms)


Started GET "/" for ::1 at 2016-12-28 09:48:07 -0800
Processing by HomeController#index as HTML
  Rendering home/index.html.erb within layouts/application
  Rendered home/index.html.erb within layouts/application (20.0ms)
Completed 200 OK in 126ms (Views: 111.9ms | ActiveRecord: 0.0ms)


Started GET "/" for ::1 at 2016-12-28 09:48:41 -0800
Processing by HomeController#index as HTML
  Rendering home/index.html.erb within layouts/application
  Rendered home/index.html.erb within layouts/application (22.0ms)
Completed 200 OK in 141ms (Views: 125.7ms | ActiveRecord: 0.0ms)


Started GET "/" for ::1 at 2016-12-28 09:50:42 -0800
Processing by HomeController#index as HTML
  Rendering home/index.html.erb within layouts/application
  Rendered home/index.html.erb within layouts/application (21.0ms)
Completed 200 OK in 222ms (Views: 207.9ms | ActiveRecord: 0.0ms)


Started GET "/" for ::1 at 2016-12-28 09:51:20 -0800
Processing by HomeController#index as HTML
  Rendering home/index.html.erb within layouts/application
  Rendered home/index.html.erb within layouts/application (21.0ms)
Completed 200 OK in 237ms (Views: 222.8ms | ActiveRecord: 0.0ms)


Started GET "/" for ::1 at 2016-12-28 09:51:31 -0800
Processing by HomeController#index as HTML
  Rendering home/index.html.erb within layouts/application
  Rendered home/index.html.erb within layouts/application (19.0ms)
Completed 200 OK in 126ms (Views: 111.4ms | ActiveRecord: 0.0ms)


Started GET "/" for ::1 at 2016-12-28 09:51:53 -0800
Processing by HomeController#index as HTML
  Rendering home/index.html.erb within layouts/application
  Rendered home/index.html.erb within layouts/application (19.0ms)
Completed 200 OK in 133ms (Views: 118.4ms | ActiveRecord: 0.0ms)


Started GET "/" for ::1 at 2016-12-28 09:52:35 -0800
Processing by HomeController#index as HTML
  Rendering home/index.html.erb within layouts/application
  Rendered home/index.html.erb within layouts/application (20.0ms)
Completed 200 OK in 249ms (Views: 235.5ms | ActiveRecord: 0.0ms)


Started GET "/" for ::1 at 2016-12-28 09:53:05 -0800
Processing by HomeController#index as HTML
  Rendering home/index.html.erb within layouts/application
  Rendered home/index.html.erb within layouts/application (22.0ms)
Completed 200 OK in 226ms (Views: 212.0ms | ActiveRecord: 0.0ms)


